Traceback (most recent call last):
  File "C:\Anaconda\lib\site-packages\jupyter_cache\executors\utils.py", line 56, in single_nb_execution
    record_timing=False,
  File "C:\Anaconda\lib\site-packages\nbclient\client.py", line 1204, in execute
    return NotebookClient(nb=nb, resources=resources, km=km, **kwargs).execute()
  File "C:\Anaconda\lib\site-packages\nbclient\util.py", line 84, in wrapped
    return just_run(coro(*args, **kwargs))
  File "C:\Anaconda\lib\site-packages\nbclient\util.py", line 62, in just_run
    return loop.run_until_complete(coro)
  File "C:\Anaconda\lib\asyncio\base_events.py", line 587, in run_until_complete
    return future.result()
  File "C:\Anaconda\lib\site-packages\nbclient\client.py", line 664, in async_execute
    cell, index, execution_count=self.code_cells_executed + 1
  File "C:\Anaconda\lib\site-packages\nbclient\client.py", line 965, in async_execute_cell
    await self._check_raise_for_error(cell, cell_index, exec_reply)
  File "C:\Anaconda\lib\site-packages\nbclient\client.py", line 862, in _check_raise_for_error
    raise CellExecutionError.from_cell_and_msg(cell, exec_reply_content)
nbclient.exceptions.CellExecutionError: An error occurred while executing the following cell:
------------------
xx = corr_m > corr_threshold
xx = xx.sum()
toDisplay = xx.loc[xx > 0].index

for col in toDisplay:
    if col == 'employment_industry':
        continue
    list_of_df = []
    for val in iDTC_enriched[col].unique():
        if pd.isna(val):
            continue
        df, _ = survey.gatherScore_fromString(iDTC_enriched.loc[iDTC_enriched[col]==val], meta, [wasteAtt], True, percentage=True, weighed_avg=True)
        df.index = pd.MultiIndex.from_tuples([(val, ind) for ind in df.index])
        list_of_df.append(df)
    list_of_df = pd.concat(list_of_df).sort_index(level=1)
    print("Breakdown of responses by " + col)
    display(list_of_df.style.background_gradient(cmap=cm, vmin = 0, vmax = 100).format(precision=2))
------------------

[1;31m---------------------------------------------------------------------------[0m
[1;31mTypeError[0m                                 Traceback (most recent call last)
[1;32m~\AppData\Local\Temp\ipykernel_42056\1735966217.py[0m in [0;36m<module>[1;34m[0m
[0;32m     10[0m         [1;32mif[0m [0mpd[0m[1;33m.[0m[0misna[0m[1;33m([0m[0mval[0m[1;33m)[0m[1;33m:[0m[1;33m[0m[1;33m[0m[0m
[0;32m     11[0m             [1;32mcontinue[0m[1;33m[0m[1;33m[0m[0m
[1;32m---> 12[1;33m         [0mdf[0m[1;33m,[0m [0m_[0m [1;33m=[0m [0msurvey[0m[1;33m.[0m[0mgatherScore_fromString[0m[1;33m([0m[0miDTC_enriched[0m[1;33m.[0m[0mloc[0m[1;33m[[0m[0miDTC_enriched[0m[1;33m[[0m[0mcol[0m[1;33m][0m[1;33m==[0m[0mval[0m[1;33m][0m[1;33m,[0m [0mmeta[0m[1;33m,[0m [1;33m[[0m[0mwasteAtt[0m[1;33m][0m[1;33m,[0m [1;32mTrue[0m[1;33m,[0m [0mpercentage[0m[1;33m=[0m[1;32mTrue[0m[1;33m,[0m [0mweighed_avg[0m[1;33m=[0m[1;32mTrue[0m[1;33m)[0m[1;33m[0m[1;33m[0m[0m
[0m[0;32m     13[0m         [0mdf[0m[1;33m.[0m[0mindex[0m [1;33m=[0m [0mpd[0m[1;33m.[0m[0mMultiIndex[0m[1;33m.[0m[0mfrom_tuples[0m[1;33m([0m[1;33m[[0m[1;33m([0m[0mval[0m[1;33m,[0m [0mind[0m[1;33m)[0m [1;32mfor[0m [0mind[0m [1;32min[0m [0mdf[0m[1;33m.[0m[0mindex[0m[1;33m][0m[1;33m)[0m[1;33m[0m[1;33m[0m[0m
[0;32m     14[0m         [0mlist_of_df[0m[1;33m.[0m[0mappend[0m[1;33m([0m[0mdf[0m[1;33m)[0m[1;33m[0m[1;33m[0m[0m

[1;32m~\OneDrive - Rare\Projects\2022 - CC iDTC Survey Sprint\iDTC results book\idctbook\surveyAnalysis.py[0m in [0;36mgatherScore_fromString[1;34m(df, meta, col_prefix, replaceCols, errors, percentage, weighed_avg)[0m
[0;32m     82[0m     [1;32mfor[0m [0mi[0m[1;33m,[0m [0mcol_prefix[0m [1;32min[0m [0menumerate[0m[1;33m([0m[0mlistCol[0m[1;33m)[0m[1;33m:[0m[1;33m[0m[1;33m[0m[0m
[0;32m     83[0m         subDF = pd.DataFrame(
[1;32m---> 84[1;33m             [0mdf[0m[1;33m[[0m[1;33m[[0m[0mcol[0m [1;32mfor[0m [0mcol[0m [1;32min[0m [0mdf[0m[1;33m.[0m[0mcolumns[0m [1;32mif[0m [0mcol_prefix[0m [1;32min[0m [0mcol[0m[1;33m][0m[1;33m][0m[1;33m[0m[1;33m[0m[0m
[0m[0;32m     85[0m             [1;33m.[0m[0mapply[0m[1;33m([0m[1;32mlambda[0m [0mx[0m[1;33m:[0m [0mx[0m[1;33m.[0m[0mcat[0m[1;33m.[0m[0mcodes[0m[1;33m)[0m[1;33m[0m[1;33m[0m[0m
[0;32m     86[0m             [1;33m.[0m[0mapply[0m[1;33m([0m[0mnormalize2[0m[1;33m)[0m[1;33m[0m[1;33m[0m[0m

[1;32m~\OneDrive - Rare\Projects\2022 - CC iDTC Survey Sprint\iDTC results book\idctbook\surveyAnalysis.py[0m in [0;36m<listcomp>[1;34m(.0)[0m
[0;32m     82[0m     [1;32mfor[0m [0mi[0m[1;33m,[0m [0mcol_prefix[0m [1;32min[0m [0menumerate[0m[1;33m([0m[0mlistCol[0m[1;33m)[0m[1;33m:[0m[1;33m[0m[1;33m[0m[0m
[0;32m     83[0m         subDF = pd.DataFrame(
[1;32m---> 84[1;33m             [0mdf[0m[1;33m[[0m[1;33m[[0m[0mcol[0m [1;32mfor[0m [0mcol[0m [1;32min[0m [0mdf[0m[1;33m.[0m[0mcolumns[0m [1;32mif[0m [0mcol_prefix[0m [1;32min[0m [0mcol[0m[1;33m][0m[1;33m][0m[1;33m[0m[1;33m[0m[0m
[0m[0;32m     85[0m             [1;33m.[0m[0mapply[0m[1;33m([0m[1;32mlambda[0m [0mx[0m[1;33m:[0m [0mx[0m[1;33m.[0m[0mcat[0m[1;33m.[0m[0mcodes[0m[1;33m)[0m[1;33m[0m[1;33m[0m[0m
[0;32m     86[0m             [1;33m.[0m[0mapply[0m[1;33m([0m[0mnormalize2[0m[1;33m)[0m[1;33m[0m[1;33m[0m[0m

[1;31mTypeError[0m: 'in <string>' requires string as left operand, not DataFrame
TypeError: 'in <string>' requires string as left operand, not DataFrame

